test_method:ResNet50:[1.0, 1.0017869472503662, 0.9995914101600647, 0.9943588972091675, 0.9841970801353455, 0.9647186398506165, 0.9307422637939453, 0.8805060982704163, 0.8114251494407654, 0.6848939061164856]	 Iter:5	Lr:0.1	 Loss:1.0344874749183655
test_method:ResNet50:[1.0, 1.0170352458953857, 1.0207841396331787, 1.0159015655517578, 1.0028316974639893, 0.9785878658294678, 0.9396073818206787, 0.8853825330734253, 0.8133965134620667, 0.6854360103607178]	 Iter:5	Lr:1	 Loss:0.8966224081516266
test_method:ResNet50:[1.0, 1.08916437625885, 1.1259708404541016, 1.1243757009506226, 1.0969290733337402, 1.048638939857483, 0.9843801259994507, 0.9096260070800781, 0.8236238360404968, 0.6875564455986023]	 Iter:5	Lr:10	 Loss:0.4955698404312134
test_method:ResNet50:[1.0, 1.4223449230194092, 1.5572762489318848, 1.566209316253662, 1.4945564270019531, 1.3617371320724487, 1.1959854364395142, 1.0303446054458618, 0.8775347471237183, 0.7004961371421814]	 Iter:5	Lr:100	 Loss:0.13749177530407905
test_method:ResNet50:[1.0, 2.061314105987549, 2.140559434890747, 2.1298880577087402, 2.050351619720459, 1.8929836750030518, 1.6564619541168213, 1.3723183870315552, 1.0762367248535156, 0.7657709121704102]	 Iter:5	Lr:1000	 Loss:0.044698744159191846
test_method:ResNet50:[1.0, 1.0037658214569092, 1.0023140907287598, 0.9970983266830444, 0.9865763783454895, 0.9664638638496399, 0.931882381439209, 0.8811184167861938, 0.8116501569747925, 0.6849769949913025]	 Iter:10	Lr:0.1	 Loss:1.0098515479564667
test_method:ResNet50:[1.0, 1.0284854173660278, 1.0372594594955444, 1.0328161716461182, 1.0173864364624023, 0.9894421100616455, 0.9465319514274597, 0.8891710638999939, 0.8149501085281372, 0.685685396194458]	 Iter:10	Lr:1	 Loss:0.7827147650718689
test_method:ResNet50:[1.0, 1.112401008605957, 1.1622952222824097, 1.1631258726119995, 1.1309739351272583, 1.0742573738098145, 1.000736117362976, 0.9186921715736389, 0.8274755477905273, 0.6886692643165588]	 Iter:10	Lr:10	 Loss:0.3442717314958572
test_method:ResNet50:[1.0, 1.4370700120925903, 1.5833216905593872, 1.5966678857803345, 1.523131251335144, 1.384363055229187, 1.2110683917999268, 1.0388939380645752, 0.8812270164489746, 0.7014909982681274]	 Iter:10	Lr:100	 Loss:0.07439777541160583
test_method:ResNet50:[1.0, 2.064249038696289, 2.146345615386963, 2.137355327606201, 2.059083938598633, 1.9011788368225098, 1.6625419855117798, 1.3759448528289795, 1.0784156322479248, 0.7663573026657104]	 Iter:10	Lr:1000	 Loss:0.009320053661242127
test_method:ResNet50:[1.0, 1.0073844194412231, 1.0072762966156006, 1.0021792650222778, 0.9909741878509521, 0.969752311706543, 0.9339767098426819, 0.8823009133338928, 0.8121375441551208, 0.6851238012313843]	 Iter:20	Lr:0.1	 Loss:0.9674272530078888
test_method:ResNet50:[1.0, 1.044503927230835, 1.060762882232666, 1.0571378469467163, 1.038469910621643, 1.0051113367080688, 0.9565704464912415, 0.8946866989135742, 0.8172029256820679, 0.6862812042236328]	 Iter:20	Lr:1	 Loss:0.6475969157218933
test_method:ResNet50:[1.0, 1.1366920471191406, 1.2013020515441895, 1.2053581476211548, 1.1683205366134644, 1.1024117469787598, 1.0189896821975708, 0.928895115852356, 0.8319199085235596, 0.689712643623352]	 Iter:20	Lr:10	 Loss:0.22828708028793335
test_method:ResNet50:[1.0, 1.4508882761001587, 1.6080609560012817, 1.6259163618087769, 1.5508272647857666, 1.4065619707107544, 1.2259082794189453, 1.0473743677139282, 0.8851438164710999, 0.7025458216667175]	 Iter:20	Lr:100	 Loss:0.04165499309822917
test_method:ResNet50:[1.0, 2.066450595855713, 2.150979995727539, 2.143523931503296, 2.065715789794922, 1.9076642990112305, 1.6680291891098022, 1.379719614982605, 1.0799481868743896, 0.766535222530365]	 Iter:20	Lr:1000	 Loss:0.004867237670347095
test_method:ResNet50:[1.0, 1.0106340646743774, 1.011832594871521, 1.0067880153656006, 0.9949452877044678, 0.9727259278297424, 0.9358788728713989, 0.8833518624305725, 0.8125563263893127, 0.6852341890335083]	 Iter:30	Lr:0.1	 Loss:0.9314771327972412
test_method:ResNet50:[1.0, 1.0559157133102417, 1.0778790712356567, 1.0748823881149292, 1.0539648532867432, 1.0165902376174927, 0.9639580249786377, 0.8986687064170837, 0.8189511299133301, 0.6867402791976929]	 Iter:30	Lr:1	 Loss:0.5641686630249023
test_method:ResNet50:[1.0, 1.1509075164794922, 1.2245432138442993, 1.230849266052246, 1.191076636314392, 1.1197420358657837, 1.0303940773010254, 0.9351224899291992, 0.8346346020698547, 0.6903954744338989]	 Iter:30	Lr:10	 Loss:0.17593540558218956
test_method:ResNet50:[1.0, 1.458670735359192, 1.6222164630889893, 1.642881989479065, 1.5669596195220947, 1.4196419715881348, 1.2347038984298706, 1.0525853633880615, 0.8874614834785461, 0.7031363844871521]	 Iter:30	Lr:100	 Loss:0.029879973284900187
test_method:ResNet50:[1.0, 2.0683603286743164, 2.1538748741149902, 2.147583246231079, 2.0700457096099854, 1.9116811752319336, 1.6709764003753662, 1.3812490701675415, 1.0807956457138062, 0.7669694423675537]	 Iter:30	Lr:1000	 Loss:0.0034474554802291094
test_method:ResNet50:[1.0, 1.0136011838912964, 1.015992283821106, 1.0110489130020142, 0.9986187815666199, 0.9754630923271179, 0.9376288652420044, 0.8843088746070862, 0.812946617603302, 0.6853172779083252]	 Iter:40	Lr:0.1	 Loss:0.9001875193119049
test_method:ResNet50:[1.0, 1.0648435354232788, 1.091352939605713, 1.0889472961425781, 1.0662596225738525, 1.0257474184036255, 0.9697738289833069, 0.9019110798835754, 0.8203439116477966, 0.686974287033081]	 Iter:40	Lr:1	 Loss:0.5052092752456665
test_method:ResNet50:[1.0, 1.160857081413269, 1.2410467863082886, 1.249093770980835, 1.2075421810150146, 1.1322206258773804, 1.0386658906936646, 0.9397295117378235, 0.8365331888198853, 0.690890371799469]	 Iter:40	Lr:10	 Loss:0.14504324966669083
test_method:ResNet50:[1.0, 1.4640926122665405, 1.6320387125015259, 1.6545615196228027, 1.5782934427261353, 1.428799033164978, 1.2408440113067627, 1.0562208890914917, 0.8891698122024536, 0.7035784125328064]	 Iter:40	Lr:100	 Loss:0.023604151071980595
test_method:ResNet50:[1.0, 2.0692524909973145, 2.1559083461761475, 2.1503281593322754, 2.0732903480529785, 1.9143292903900146, 1.6733224391937256, 1.3830153942108154, 1.0816482305526733, 0.7673652768135071]	 Iter:40	Lr:1000	 Loss:0.0027208010121248663
test_method:ResNet50:[1.0, 1.016348123550415, 1.0198938846588135, 1.015000820159912, 1.002051830291748, 0.9780281186103821, 0.939292311668396, 0.8852057456970215, 0.8133168816566467, 0.6854127049446106]	 Iter:50	Lr:0.1	 Loss:0.8724464056491852
test_method:ResNet50:[1.0, 1.0721161365509033, 1.1024781465530396, 1.100703477859497, 1.0765105485916138, 1.0333738327026367, 0.9746716022491455, 0.9045438766479492, 0.8215638995170593, 0.6872303485870361]	 Iter:50	Lr:1	 Loss:0.4603935273885727
test_method:ResNet50:[1.0, 1.1684799194335938, 1.2538022994995117, 1.2632946968078613, 1.2202976942062378, 1.1421220302581787, 1.0450994968414307, 0.9432966113090515, 0.8381394147872925, 0.6913279294967651]	 Iter:50	Lr:10	 Loss:0.12429186829924584
test_method:ResNet50:[1.0, 1.468265414237976, 1.6395949125289917, 1.663857340812683, 1.5872191190719604, 1.4360040426254272, 1.2457038164138794, 1.0591071844100952, 0.8906295895576477, 0.7037853002548218]	 Iter:50	Lr:100	 Loss:0.01966276951506734
test_method:ResNet50:[1.0, 2.070172071456909, 2.1573803424835205, 2.15194034576416, 2.07523512840271, 1.9162871837615967, 1.6747931241989136, 1.3839726448059082, 1.082293152809143, 0.7673180103302002]	 Iter:50	Lr:1000	 Loss:0.0022625928984489293
test_method:ResNet50:[1.0, 0.013531895354390144, 0.005978467408567667, 0.0043451860547065735, 0.003837654832750559, 0.0036821700632572174, 0.003609663574025035, 0.003596303053200245, 0.00359447137452662, 0.003499910468235612]	 Iter:5	Lr:0.1	 Loss:1.0344875538349152
test_method:ResNet50:[1.0, 0.013525978662073612, 0.0059927222318947315, 0.0043424032628536224, 0.003839273238554597, 0.0036865968722850084, 0.0036100896541029215, 0.003599220421165228, 0.0035933377221226692, 0.0034995924215763807]	 Iter:5	Lr:1	 Loss:0.8966222622394562
test_method:ResNet50:[1.0, 0.013539557345211506, 0.005982826929539442, 0.004340910352766514, 0.00382989807985723, 0.00367418909445405, 0.0036183656193315983, 0.003601913107559085, 0.003596188500523567, 0.003509017638862133]	 Iter:5	Lr:10	 Loss:0.4955655198097229
test_method:ResNet50:[1.0, 0.01342178788036108, 0.005952921696007252, 0.004347580950707197, 0.0038751219399273396, 0.003682089503854513, 0.0036564210895448923, 0.0036367878783494234, 0.0036599934101104736, 0.0035865376703441143]	 Iter:5	Lr:100	 Loss:0.13748418617248534
test_method:ResNet50:[1.0, 0.014396767131984234, 0.006860941648483276, 0.004958236124366522, 0.004220746923238039, 0.003981595393270254, 0.003840735647827387, 0.0038214351516216993, 0.0037580833304673433, 0.003717678366228938]	 Iter:5	Lr:1000	 Loss:0.04462350492179394
test_method:ResNet50:[1.0, 0.013528378680348396, 0.005981062073260546, 0.004342248197644949, 0.003836784977465868, 0.0036811488680541515, 0.0036086360923945904, 0.00359740830026567, 0.0035935186315327883, 0.003500280436128378]	 Iter:10	Lr:0.1	 Loss:1.0098516030311584
test_method:ResNet50:[1.0, 0.01352469902485609, 0.005979718640446663, 0.004340041894465685, 0.0038341046310961246, 0.0036861009430140257, 0.003611445426940918, 0.0035995307844132185, 0.003594042034819722, 0.003499917220324278]	 Iter:10	Lr:1	 Loss:0.7827214057445526
test_method:ResNet50:[1.0, 0.013510589487850666, 0.00596728315576911, 0.004350017756223679, 0.003831146052107215, 0.0036648300010710955, 0.003618155838921666, 0.0035950744058936834, 0.0035971147008240223, 0.0035075938794761896]	 Iter:10	Lr:10	 Loss:0.34427801638841626
test_method:ResNet50:[1.0, 0.01340226735919714, 0.00594685785472393, 0.004353433847427368, 0.003883715020492673, 0.0036837125662714243, 0.0036477174144238234, 0.0036286308895796537, 0.0036602977197617292, 0.003585728583857417]	 Iter:10	Lr:100	 Loss:0.07438398662954569
test_method:ResNet50:[1.0, 0.014383479952812195, 0.00686962204053998, 0.00495836092159152, 0.004215161316096783, 0.003993490245193243, 0.003855460789054632, 0.0038341532927006483, 0.003766596782952547, 0.0036952581722289324]	 Iter:10	Lr:1000	 Loss:0.00938720329105854
test_method:ResNet50:[1.0, 0.01353159174323082, 0.005981839261949062, 0.004343219567090273, 0.0038342741318047047, 0.003685240400955081, 0.0036060274578630924, 0.0035965205170214176, 0.003591538406908512, 0.003500072518363595]	 Iter:20	Lr:0.1	 Loss:0.96742720413208
test_method:ResNet50:[1.0, 0.013512011617422104, 0.005986080039292574, 0.004343488719314337, 0.003832064336165786, 0.003691644174978137, 0.003615243826061487, 0.0035998693201690912, 0.003595133777707815, 0.0035020236391574144]	 Iter:20	Lr:1	 Loss:0.6476027979850769
test_method:ResNet50:[1.0, 0.013467635028064251, 0.005969427991658449, 0.0043410006910562515, 0.0038274736143648624, 0.0036637834273278713, 0.0036092696245759726, 0.0035963200498372316, 0.003593983594328165, 0.0035080777015537024]	 Iter:20	Lr:10	 Loss:0.22830888426303864
test_method:ResNet50:[1.0, 0.01343370322138071, 0.005942229647189379, 0.0043474710546433926, 0.0038837359752506018, 0.003668460063636303, 0.0036539400462061167, 0.0036334313917905092, 0.003662770614027977, 0.0035823022481054068]	 Iter:20	Lr:100	 Loss:0.04165099848434329
test_method:ResNet50:[1.0, 0.01436411589384079, 0.006855227053165436, 0.00497755641117692, 0.004224514123052359, 0.003976498730480671, 0.0038330138195306063, 0.0038436572067439556, 0.0037589219864457846, 0.00371631165035069]	 Iter:20	Lr:1000	 Loss:0.004858138052280993
test_method:ResNet50:[1.0, 0.013528301380574703, 0.005987468641251326, 0.004342014901340008, 0.0038401444908231497, 0.003687812015414238, 0.003610227257013321, 0.0035987957380712032, 0.0035927926655858755, 0.0034995481837540865]	 Iter:30	Lr:0.1	 Loss:0.9314769442081452
test_method:ResNet50:[1.0, 0.013508636504411697, 0.0059785498306155205, 0.004347647540271282, 0.003837666939944029, 0.0036836196668446064, 0.0036069201305508614, 0.003598922397941351, 0.003594880923628807, 0.0035029940772801638]	 Iter:30	Lr:1	 Loss:0.5641768451929092
test_method:ResNet50:[1.0, 0.01346526201814413, 0.005978642497211695, 0.004329119808971882, 0.003823348553851247, 0.0036591102834790945, 0.003611594205722213, 0.0035939852241426706, 0.003592942375689745, 0.0035072294995188713]	 Iter:30	Lr:10	 Loss:0.17591649210453034
test_method:ResNet50:[1.0, 0.013445806689560413, 0.005941938143223524, 0.004355006851255894, 0.003888878272846341, 0.0036719990894198418, 0.0036528275813907385, 0.0036317608319222927, 0.0036608967930078506, 0.0035813471768051386]	 Iter:30	Lr:100	 Loss:0.029875779531896116
test_method:ResNet50:[1.0, 0.014471434988081455, 0.0068995095789432526, 0.004924465902149677, 0.004236080218106508, 0.003973324317485094, 0.003835619194433093, 0.0038329497911036015, 0.0037659157533198595, 0.0037101530469954014]	 Iter:30	Lr:1000	 Loss:0.003452967452816665
test_method:ResNet50:[1.0, 0.013531025499105453, 0.005989249795675278, 0.004340070299804211, 0.003842166857793927, 0.003687832271680236, 0.003608460072427988, 0.0035988481249660254, 0.0035923244431614876, 0.0034991842694580555]	 Iter:40	Lr:0.1	 Loss:0.9001871600151062
test_method:ResNet50:[1.0, 0.013508052565157413, 0.00597450602799654, 0.004347972571849823, 0.0038357649464160204, 0.003680185182020068, 0.0036068002227693796, 0.003601020434871316, 0.0035957051441073418, 0.0035022126976400614]	 Iter:40	Lr:1	 Loss:0.505209927201271
test_method:ResNet50:[1.0, 0.013459732756018639, 0.005977350287139416, 0.004334664437919855, 0.0038186642341315746, 0.003651839215308428, 0.0036097185220569372, 0.0035900073125958443, 0.003593746805563569, 0.003505704225972295]	 Iter:40	Lr:10	 Loss:0.145036617025733
test_method:ResNet50:[1.0, 0.013418854214251041, 0.005952348932623863, 0.0043487874791026115, 0.003882419550791383, 0.0036856369115412235, 0.0036512603983283043, 0.0036357969511300325, 0.0036634618882089853, 0.00358110130764544]	 Iter:40	Lr:100	 Loss:0.02360084766894579
test_method:ResNet50:[1.0, 0.014448151923716068, 0.006884051952511072, 0.004933385644108057, 0.004210439044982195, 0.003963664639741182, 0.003842355450615287, 0.00382209406234324, 0.003770565614104271, 0.0037146026734262705]	 Iter:40	Lr:1000	 Loss:0.002717353268060833
test_method:ResNet50:[1.0, 0.013526957482099533, 0.005991543643176556, 0.0043397643603384495, 0.0038398783653974533, 0.0036827586591243744, 0.003610885003581643, 0.003598358016461134, 0.003594327252358198, 0.003499372163787484]	 Iter:50	Lr:0.1	 Loss:0.8724463920593262
test_method:ResNet50:[1.0, 0.013509086333215237, 0.00597793236374855, 0.004344190005213022, 0.003831584006547928, 0.003679428016766906, 0.0036050593480467796, 0.0036052949726581573, 0.0036005901638418436, 0.0035021917428821325]	 Iter:50	Lr:1	 Loss:0.4603993685245514
test_method:ResNet50:[1.0, 0.013461687602102757, 0.005976323038339615, 0.00433142576366663, 0.003822083119302988, 0.0036443336866796017, 0.003612952074036002, 0.0035900918301194906, 0.0035927353892475367, 0.003506443928927183]	 Iter:50	Lr:10	 Loss:0.12428353261947632
test_method:ResNet50:[1.0, 0.013411687687039375, 0.005947916302829981, 0.004351293668150902, 0.0038864025846123695, 0.003684983355924487, 0.003648812882602215, 0.0036374495830386877, 0.003664869349449873, 0.00357822235673666]	 Iter:50	Lr:100	 Loss:0.01966557249240577
test_method:ResNet50:[1.0, 0.014421653933823109, 0.006880129687488079, 0.0049713607877492905, 0.004212827421724796, 0.0039781080558896065, 0.0038399265613406897, 0.003837047377601266, 0.003768661292269826, 0.003705565119162202]	 Iter:50	Lr:1000	 Loss:0.0022632348814513536
test_method:ViT:[1.0, 1.000072717666626, 1.000171422958374, 1.000248908996582, 1.0002834796905518, 0.9999812245368958, 0.9984458088874817, 0.9927297234535217, 0.9699407815933228, 0.8589383959770203]	 Iter:5	Lr:0.1	 Loss:0.46329774433374404
test_method:ViT:[1.0, 1.000717043876648, 1.001497507095337, 1.0023154020309448, 1.0031518936157227, 1.0035746097564697, 1.0027265548706055, 0.9973019957542419, 0.9740152359008789, 0.8608068823814392]	 Iter:5	Lr:1	 Loss:0.44242889708280564
test_method:ViT:[1.0, 1.0045634508132935, 1.0095231533050537, 1.014998197555542, 1.020922064781189, 1.0267342329025269, 1.0307140350341797, 1.0284193754196167, 1.002653956413269, 0.8746255040168762]	 Iter:5	Lr:10	 Loss:0.33814470386505124
test_method:ViT:[1.0, 1.024312973022461, 1.042944312095642, 1.062611699104309, 1.0838719606399536, 1.1065164804458618, 1.1282496452331543, 1.1416183710098267, 1.1160937547683716, 0.9371834993362427]	 Iter:5	Lr:100	 Loss:0.16710679534077644
test_method:ViT:[1.0, 1.1931744813919067, 1.2355473041534424, 1.2728585004806519, 1.307979702949524, 1.3427764177322388, 1.3778964281082153, 1.4102002382278442, 1.4145992994308472, 1.2097086906433105]	 Iter:5	Lr:1000	 Loss:0.06983328415453434
test_method:ViT:[1.0, 1.0001540184020996, 1.0003350973129272, 1.0005015134811401, 1.0006182193756104, 1.0004081726074219, 0.998947024345398, 0.9932652711868286, 0.9704359173774719, 0.8591485023498535]	 Iter:10	Lr:0.1	 Loss:0.46010277020931245
test_method:ViT:[1.0, 1.0012925863265991, 1.0027093887329102, 1.0042308568954468, 1.005785346031189, 1.0069793462753296, 1.006791591644287, 1.0016777515411377, 0.9779844880104065, 0.8626612424850464]	 Iter:10	Lr:1	 Loss:0.4199670851826668
test_method:ViT:[1.0, 1.0066643953323364, 1.0138791799545288, 1.0219238996505737, 1.0307923555374146, 1.0399892330169678, 1.0473129749298096, 1.0477337837219238, 1.0211867094039917, 0.8841298818588257]	 Iter:10	Lr:10	 Loss:0.27778817945718765
test_method:ViT:[1.0, 1.0272687673568726, 1.0485821962356567, 1.0714277029037476, 1.0964789390563965, 1.1237281560897827, 1.1508989334106445, 1.1695784330368042, 1.145775556564331, 0.9548754692077637]	 Iter:10	Lr:100	 Loss:0.1251163406074047
test_method:ViT:[1.0, 1.195990800857544, 1.2398213148117065, 1.2787564992904663, 1.3158124685287476, 1.3530405759811401, 1.391365647315979, 1.427176833152771, 1.4347419738769531, 1.2247971296310425]	 Iter:10	Lr:1000	 Loss:0.04863514079153538
test_method:ViT:[1.0, 1.0003033876419067, 1.0006417036056519, 1.0009765625, 1.001275658607483, 1.001230001449585, 0.9999100565910339, 0.9942898154258728, 0.9713453650474548, 0.8595719933509827]	 Iter:20	Lr:0.1	 Loss:0.45403141623735427
test_method:ViT:[1.0, 1.002223014831543, 1.0046828985214233, 1.0073328018188477, 1.0101372003555298, 1.012641191482544, 1.0136648416519165, 1.0091966390609741, 0.9848268628120422, 0.8660282492637634]	 Iter:20	Lr:1	 Loss:0.38648122537136076
test_method:ViT:[1.0, 1.0092554092407227, 1.019161581993103, 1.030319333076477, 1.04288911819458, 1.0562927722930908, 1.0680078268051147, 1.0722178220748901, 1.045328140258789, 0.8968489766120911]	 Iter:20	Lr:10	 Loss:0.22110846388339997
test_method:ViT:[1.0, 1.0306835174560547, 1.054756760597229, 1.0808378458023071, 1.1098390817642212, 1.1417651176452637, 1.1745837926864624, 1.1992403268814087, 1.1780043840408325, 0.9748862385749817]	 Iter:20	Lr:100	 Loss:0.09386078713834285
test_method:ViT:[1.0, 1.199475646018982, 1.2448482513427734, 1.2853413820266724, 1.3244264125823975, 1.3641539812088013, 1.4054104089736938, 1.4448996782302856, 1.4557113647460938, 1.2415084838867188]	 Iter:20	Lr:1000	 Loss:0.03302926159277558
test_method:ViT:[1.0, 1.000443935394287, 1.000929355621338, 1.0014313459396362, 1.0019137859344482, 1.0020266771316528, 1.0008609294891357, 0.9952957034111023, 0.9722355008125305, 0.8599823713302612]	 Iter:30	Lr:0.1	 Loss:0.4483985796570778
test_method:ViT:[1.0, 1.0029860734939575, 1.006269931793213, 1.0098742246627808, 1.0137081146240234, 1.0173133611679077, 1.0193634033203125, 1.0156219005584717, 0.9907670021057129, 0.8688864707946777]	 Iter:30	Lr:1	 Loss:0.36156936222314834
test_method:ViT:[1.0, 1.0109906196594238, 1.0225872993469238, 1.0357685089111328, 1.0506995916366577, 1.0668777227401733, 1.081693410873413, 1.0885623693466187, 1.0618114471435547, 0.9057992696762085]	 Iter:30	Lr:10	 Loss:0.19153985911607743
test_method:ViT:[1.0, 1.0328675508499146, 1.058556318283081, 1.086591124534607, 1.117810845375061, 1.1525027751922607, 1.1887050867080688, 1.2169561386108398, 1.1976450681686401, 0.987550675868988]	 Iter:30	Lr:100	 Loss:0.0789120769649744
test_method:ViT:[1.0, 1.2017747163772583, 1.2481403350830078, 1.2894866466522217, 1.3297477960586548, 1.3707520961761475, 1.413678526878357, 1.455331802368164, 1.4680908918380737, 1.251702070236206]	 Iter:30	Lr:1000	 Loss:0.025852573923766612
test_method:ViT:[1.0, 1.0005747079849243, 1.0012094974517822, 1.001861333847046, 1.0025205612182617, 1.0027834177017212, 1.0017781257629395, 0.9962863326072693, 0.9731183052062988, 0.8603808879852295]	 Iter:40	Lr:0.1	 Loss:0.4431084747314453
test_method:ViT:[1.0, 1.0036299228668213, 1.0076121091842651, 1.012022852897644, 1.0167900323867798, 1.0213720798492432, 1.0243374109268188, 1.0212429761886597, 0.9960223436355591, 0.8714663982391357]	 Iter:40	Lr:1	 Loss:0.3417608230113983
test_method:ViT:[1.0, 1.0122959613800049, 1.0251463651657104, 1.0398335456848145, 1.0564948320388794, 1.0747127532958984, 1.0919047594070435, 1.1008388996124268, 1.074402093887329, 0.9127312302589417]	 Iter:40	Lr:10	 Loss:0.17243978175520897
test_method:ViT:[1.0, 1.0345041751861572, 1.0613526105880737, 1.090720772743225, 1.1235398054122925, 1.160078763961792, 1.1987409591674805, 1.2294979095458984, 1.2117091417312622, 0.9967609643936157]	 Iter:40	Lr:100	 Loss:0.06947834561765194
test_method:ViT:[1.0, 1.2036381959915161, 1.2505724430084229, 1.2925708293914795, 1.3335639238357544, 1.375468134880066, 1.4195754528045654, 1.462648868560791, 1.4768147468566895, 1.2593472003936768]	 Iter:40	Lr:1000	 Loss:0.021505509838461875
test_method:ViT:[1.0, 1.0007067918777466, 1.0014744997024536, 1.002282738685608, 1.0031124353408813, 1.0035184621810913, 1.0026655197143555, 0.997235119342804, 0.9739612340927124, 0.8607780337333679]	 Iter:50	Lr:0.1	 Loss:0.438130468249321
test_method:ViT:[1.0, 1.0041980743408203, 1.0087854862213135, 1.0139003992080688, 1.0194734334945679, 1.02493417263031, 1.0287543535232544, 1.0262607336044312, 1.0007479190826416, 0.8737473487854004]	 Iter:50	Lr:1	 Loss:0.3254283638000488
test_method:ViT:[1.0, 1.0133404731750488, 1.0271960496902466, 1.043043613433838, 1.0610922574996948, 1.0809078216552734, 1.1000572443008423, 1.110646367073059, 1.0845853090286255, 0.9185388684272766]	 Iter:50	Lr:10	 Loss:0.15872769409418105
test_method:ViT:[1.0, 1.0358189344406128, 1.0635552406311035, 1.0939491987228394, 1.1279503107070923, 1.165968894958496, 1.2064436674118042, 1.2392551898956299, 1.2227253913879395, 1.0040302276611328]	 Iter:50	Lr:100	 Loss:0.06276289818435907
test_method:ViT:[1.0, 1.2051701545715332, 1.2525209188461304, 1.2951078414916992, 1.3366434574127197, 1.379213571548462, 1.4241658449172974, 1.4682281017303467, 1.483436942100525, 1.2652101516723633]	 Iter:50	Lr:1000	 Loss:0.018530275575816633
test_method:ViT:[1.0, 0.002268569776788354, 0.002186905825510621, 0.002047646790742874, 0.0019114329479634762, 0.0019820439629256725, 0.002067071385681629, 0.0021139835007488728, 0.0021264543756842613, 0.002122599631547928]	 Iter:5	Lr:0.1	 Loss:0.46329774433374404
test_method:ViT:[1.0, 0.002264402573928237, 0.002181821037083864, 0.002047882415354252, 0.0019081684295088053, 0.0019820721354335546, 0.0020669850055128336, 0.002113908529281616, 0.0021263076923787594, 0.002122624311596155]	 Iter:5	Lr:1	 Loss:0.44242889708280564
test_method:ViT:[1.0, 0.0022696400992572308, 0.002193776424974203, 0.002050223294645548, 0.0019113572780042887, 0.001980008790269494, 0.0020641798619180918, 0.002113100839778781, 0.0021256161853671074, 0.002122530248016119]	 Iter:5	Lr:10	 Loss:0.33814470386505124
test_method:ViT:[1.0, 0.0022438240703195333, 0.002212771214544773, 0.002063448540866375, 0.0019241030095145106, 0.0019719444680958986, 0.002058601239696145, 0.0021091322414577007, 0.002123971004039049, 0.0021243516821414232]	 Iter:5	Lr:100	 Loss:0.16710679534077644
test_method:ViT:[1.0, 0.002228488214313984, 0.002198254456743598, 0.002166099613532424, 0.002162632532417774, 0.002117304364219308, 0.0021349540911614895, 0.0021472242660820484, 0.002156744943931699, 0.002080000936985016]	 Iter:5	Lr:1000	 Loss:0.06983328415453434
test_method:ViT:[1.0, 0.002269625198096037, 0.0021865959279239178, 0.002047180663794279, 0.0019119695061817765, 0.001981011126190424, 0.0020671002566814423, 0.00211398396641016, 0.0021264434326440096, 0.002122597536072135]	 Iter:10	Lr:0.1	 Loss:0.46010277020931245
test_method:ViT:[1.0, 0.0022694445215165615, 0.002185883466154337, 0.0020499348174780607, 0.0019079777412116528, 0.001982917543500662, 0.002066805027425289, 0.002113678026944399, 0.002126332139596343, 0.0021226194221526384]	 Iter:10	Lr:1	 Loss:0.4199670851826668
test_method:ViT:[1.0, 0.0022681960836052895, 0.002195955952629447, 0.0020512661430984735, 0.001914736581966281, 0.0019764089956879616, 0.0020638902205973864, 0.00211160141043365, 0.0021250667050480843, 0.0021225432865321636]	 Iter:10	Lr:10	 Loss:0.27778817945718765
test_method:ViT:[1.0, 0.0022478555329144, 0.002203641226515174, 0.00206364830955863, 0.0019235557410866022, 0.0019690576009452343, 0.0020543942227959633, 0.0021061007864773273, 0.0021219109185039997, 0.0021234145388007164]	 Iter:10	Lr:100	 Loss:0.1251163406074047
test_method:ViT:[1.0, 0.0022261866834014654, 0.0021967620123177767, 0.0021594278514385223, 0.0021431376226246357, 0.002105508465319872, 0.0021205462981015444, 0.0021302441600710154, 0.0021412530913949013, 0.0020835455507040024]	 Iter:10	Lr:1000	 Loss:0.04863514079153538
test_method:ViT:[1.0, 0.002269662916660309, 0.0021856653038412333, 0.002045724540948868, 0.001911057741381228, 0.001981893787160516, 0.0020665957126766443, 0.0021141106262803078, 0.0021264192182570696, 0.002122610341757536]	 Iter:20	Lr:0.1	 Loss:0.45403141623735427
test_method:ViT:[1.0, 0.002267432166263461, 0.0021891959477216005, 0.0020483185071498156, 0.0019088351400569081, 0.0019810914527624846, 0.0020662795286625624, 0.0021137138828635216, 0.0021263195667415857, 0.0021226108074188232]	 Iter:20	Lr:1	 Loss:0.38648122537136076
test_method:ViT:[1.0, 0.002264514099806547, 0.0022059879265725613, 0.002060276921838522, 0.0019119997741654515, 0.0019732860382646322, 0.002060419414192438, 0.002110517118126154, 0.0021241516806185246, 0.0021222946234047413]	 Iter:20	Lr:10	 Loss:0.22110846388339997
test_method:ViT:[1.0, 0.0022439402528107166, 0.002199348295107484, 0.0020538573153316975, 0.0019207262666895986, 0.0019709549378603697, 0.0020459885708987713, 0.0021018520928919315, 0.0021217986941337585, 0.0021232005674391985]	 Iter:20	Lr:100	 Loss:0.09386078713834285
test_method:ViT:[1.0, 0.002208937192335725, 0.002177551621571183, 0.0021448791958391666, 0.0021291039884090424, 0.0021030143834650517, 0.0020996411330997944, 0.0021248124539852142, 0.00211787736043334, 0.002082470338791609]	 Iter:20	Lr:1000	 Loss:0.03302926159277558
test_method:ViT:[1.0, 0.002266891300678253, 0.002182807307690382, 0.0020478928927332163, 0.0019105406245216727, 0.00198165699839592, 0.0020663724280893803, 0.0021140091121196747, 0.0021264124661684036, 0.002122607547789812]	 Iter:30	Lr:0.1	 Loss:0.4483985796570778
test_method:ViT:[1.0, 0.0022665453143417835, 0.0021926958579570055, 0.0020469699520617723, 0.0019069514237344265, 0.001980217406526208, 0.002065488137304783, 0.002113817259669304, 0.0021260736975818872, 0.0021225425880402327]	 Iter:30	Lr:1	 Loss:0.36156936222314834
test_method:ViT:[1.0, 0.0022636952344328165, 0.0022041925694793463, 0.0020586419850587845, 0.0019147174898535013, 0.0019705528393387794, 0.0020592743530869484, 0.0021101024467498064, 0.0021236722823232412, 0.002122199395671487]	 Iter:30	Lr:10	 Loss:0.19153985911607743
test_method:ViT:[1.0, 0.0022396137937903404, 0.0021903763990849257, 0.0020432050805538893, 0.0019240239635109901, 0.0019661944825202227, 0.002043364569544792, 0.002099628560245037, 0.002120760502293706, 0.002122497884556651]	 Iter:30	Lr:100	 Loss:0.0789120769649744
test_method:ViT:[1.0, 0.0022053157445043325, 0.002157459268346429, 0.002139299176633358, 0.0021167034283280373, 0.002088680863380432, 0.0020945558790117502, 0.002122201258316636, 0.0021122745238244534, 0.0020803094375878572]	 Iter:30	Lr:1000	 Loss:0.025852573923766612
test_method:ViT:[1.0, 0.0022656305227428675, 0.0021819768007844687, 0.0020483327098190784, 0.00190812221262604, 0.001981892390176654, 0.0020668404176831245, 0.0021139830350875854, 0.002126402221620083, 0.0021226024255156517]	 Iter:40	Lr:0.1	 Loss:0.4431084747314453
test_method:ViT:[1.0, 0.0022632847540080547, 0.002193321008235216, 0.0020498784724622965, 0.0019091618014499545, 0.001979782246053219, 0.0020641591399908066, 0.0021132032852619886, 0.0021259794011712074, 0.002122602891176939]	 Iter:40	Lr:1	 Loss:0.3417608230113983
test_method:ViT:[1.0, 0.0022701816633343697, 0.002203884767368436, 0.0020594890229403973, 0.001906244782730937, 0.001968138385564089, 0.0020567448809742928, 0.0021096006967127323, 0.002123025478795171, 0.002122168894857168]	 Iter:40	Lr:10	 Loss:0.17243978175520897
test_method:ViT:[1.0, 0.00223664497025311, 0.0021918793208897114, 0.0020472733303904533, 0.0019249081378802657, 0.001961721107363701, 0.0020411969162523746, 0.0020990881603211164, 0.0021207917015999556, 0.002122743520885706]	 Iter:40	Lr:100	 Loss:0.06947834561765194
test_method:ViT:[1.0, 0.002214477863162756, 0.0021496685221791267, 0.002137373900040984, 0.0021151218097656965, 0.002085573971271515, 0.002090481575578451, 0.002121204975992441, 0.0021039533894509077, 0.0020797327160835266]	 Iter:40	Lr:1000	 Loss:0.021505509838461875
test_method:ViT:[1.0, 0.0022639043163508177, 0.0021821700502187014, 0.0020482423715293407, 0.0019081371137872338, 0.0019823461771011353, 0.002067140070721507, 0.0021138871088624, 0.002126305131241679, 0.002122625010088086]	 Iter:50	Lr:0.1	 Loss:0.438130468249321
test_method:ViT:[1.0, 0.002264720154926181, 0.0021941070444881916, 0.0020498870871961117, 0.0019112040754407644, 0.001979663735255599, 0.0020634715911000967, 0.00211289431899786, 0.0021256909240037203, 0.002122557256370783]	 Iter:50	Lr:1	 Loss:0.3254283638000488
test_method:ViT:[1.0, 0.002264003735035658, 0.0022009999956935644, 0.002066057175397873, 0.001902354066260159, 0.0019680585246533155, 0.0020568943582475185, 0.00210975157096982, 0.0021224443335086107, 0.002121935598552227]	 Iter:50	Lr:10	 Loss:0.15872769409418105
test_method:ViT:[1.0, 0.002232789294794202, 0.002189797814935446, 0.002048179507255554, 0.0019221109105274081, 0.001958573702722788, 0.002038310281932354, 0.0020980339031666517, 0.0021201190538704395, 0.0021230748388916254]	 Iter:50	Lr:100	 Loss:0.06276289818435907
test_method:ViT:[1.0, 0.0022168830037117004, 0.002151310443878174, 0.0021284758113324642, 0.0021144275087863207, 0.0020768011454492807, 0.0020816714968532324, 0.002115061040967703, 0.0021000660490244627, 0.0020765969529747963]	 Iter:50	Lr:1000	 Loss:0.018530275575816633
